
[2026-02-11 22:31:31.198114] Global Exception: SSL handshake failed: ac-damsear-shard-00-02.qs7mxga.mongodb.net:27017: [('SSL routines', '', 'tlsv1 alert internal error')],SSL handshake failed: ac-damsear-shard-00-01.qs7mxga.mongodb.net:27017: [('SSL routines', '', 'tlsv1 alert internal error')],SSL handshake failed: ac-damsear-shard-00-00.qs7mxga.mongodb.net:27017: [('SSL routines', '', 'tlsv1 alert internal error')], Timeout: 30s, Topology Description: <TopologyDescription id: 698cb5c5cac0fec934cf9eac, topology_type: ReplicaSetNoPrimary, servers: [<ServerDescription ('ac-damsear-shard-00-00.qs7mxga.mongodb.net', 27017) server_type: Unknown, rtt: None, error=AutoReconnect("SSL handshake failed: ac-damsear-shard-00-00.qs7mxga.mongodb.net:27017: [('SSL routines', '', 'tlsv1 alert internal error')]")>, <ServerDescription ('ac-damsear-shard-00-01.qs7mxga.mongodb.net', 27017) server_type: Unknown, rtt: None, error=AutoReconnect("SSL handshake failed: ac-damsear-shard-00-01.qs7mxga.mongodb.net:27017: [('SSL routines', '', 'tlsv1 alert internal error')]")>, <ServerDescription ('ac-damsear-shard-00-02.qs7mxga.mongodb.net', 27017) server_type: Unknown, rtt: None, error=AutoReconnect("SSL handshake failed: ac-damsear-shard-00-02.qs7mxga.mongodb.net:27017: [('SSL routines', '', 'tlsv1 alert internal error')]")>]>
Traceback (most recent call last):
  File "C:\Users\User\AppData\Local\Programs\Python\Python313\Lib\site-packages\starlette\middleware\errors.py", line 164, in __call__
    await self.app(scope, receive, _send)
  File "C:\Users\User\AppData\Local\Programs\Python\Python313\Lib\site-packages\starlette\middleware\cors.py", line 85, in __call__
    await self.app(scope, receive, send)
  File "C:\Users\User\AppData\Local\Programs\Python\Python313\Lib\site-packages\starlette\middleware\exceptions.py", line 65, in __call__
    await wrap_app_handling_exceptions(self.app, conn)(scope, receive, send)
  File "C:\Users\User\AppData\Local\Programs\Python\Python313\Lib\site-packages\starlette\_exception_handler.py", line 64, in wrapped_app
    raise exc
  File "C:\Users\User\AppData\Local\Programs\Python\Python313\Lib\site-packages\starlette\_exception_handler.py", line 53, in wrapped_app
    await app(scope, receive, sender)
  File "C:\Users\User\AppData\Local\Programs\Python\Python313\Lib\site-packages\starlette\routing.py", line 756, in __call__
    await self.middleware_stack(scope, receive, send)
  File "C:\Users\User\AppData\Local\Programs\Python\Python313\Lib\site-packages\starlette\routing.py", line 776, in app
    await route.handle(scope, receive, send)
  File "C:\Users\User\AppData\Local\Programs\Python\Python313\Lib\site-packages\starlette\routing.py", line 297, in handle
    await self.app(scope, receive, send)
  File "C:\Users\User\AppData\Local\Programs\Python\Python313\Lib\site-packages\starlette\routing.py", line 77, in app
    await wrap_app_handling_exceptions(app, request)(scope, receive, send)
  File "C:\Users\User\AppData\Local\Programs\Python\Python313\Lib\site-packages\starlette\_exception_handler.py", line 64, in wrapped_app
    raise exc
  File "C:\Users\User\AppData\Local\Programs\Python\Python313\Lib\site-packages\starlette\_exception_handler.py", line 53, in wrapped_app
    await app(scope, receive, sender)
  File "C:\Users\User\AppData\Local\Programs\Python\Python313\Lib\site-packages\starlette\routing.py", line 72, in app
    response = await func(request)
               ^^^^^^^^^^^^^^^^^^^
  File "C:\Users\User\AppData\Local\Programs\Python\Python313\Lib\site-packages\fastapi\routing.py", line 278, in app
    raw_response = await run_endpoint_function(
                   ^^^^^^^^^^^^^^^^^^^^^^^^^^^^
        dependant=dependant, values=values, is_coroutine=is_coroutine
        ^^^^^^^^^^^^^^^^^^^^^^^^^^^^^^^^^^^^^^^^^^^^^^^^^^^^^^^^^^^^^
    )
    ^
  File "C:\Users\User\AppData\Local\Programs\Python\Python313\Lib\site-packages\fastapi\routing.py", line 191, in run_endpoint_function
    return await dependant.call(**values)
           ^^^^^^^^^^^^^^^^^^^^^^^^^^^^^^
  File "C:\Users\User\Desktop\naya-job\naya-job\backend\server.py", line 259, in register
    existing_user = await db.users.find_one({"email": user_data.email})
                    ^^^^^^^^^^^^^^^^^^^^^^^^^^^^^^^^^^^^^^^^^^^^^^^^^^^
  File "C:\Users\User\AppData\Local\Programs\Python\Python313\Lib\concurrent\futures\thread.py", line 59, in run
    result = self.fn(*self.args, **self.kwargs)
  File "C:\Users\User\AppData\Local\Programs\Python\Python313\Lib\site-packages\pymongo\collection.py", line 1508, in find_one
    for result in cursor.limit(-1):
                  ~~~~~~~~~~~~^^^^
  File "C:\Users\User\AppData\Local\Programs\Python\Python313\Lib\site-packages\pymongo\cursor.py", line 1262, in next
    if len(self.__data) or self._refresh():
                           ~~~~~~~~~~~~~^^
  File "C:\Users\User\AppData\Local\Programs\Python\Python313\Lib\site-packages\pymongo\cursor.py", line 1153, in _refresh
    self.__session = self.__collection.database.client._ensure_session()
                     ~~~~~~~~~~~~~~~~~~~~~~~~~~~~~~~~~~~~~~~~~~~~~~~~~^^
  File "C:\Users\User\AppData\Local\Programs\Python\Python313\Lib\site-packages\pymongo\mongo_client.py", line 1868, in _ensure_session
    return self.__start_session(True, causal_consistency=False)
           ~~~~~~~~~~~~~~~~~~~~^^^^^^^^^^^^^^^^^^^^^^^^^^^^^^^^
  File "C:\Users\User\AppData\Local\Programs\Python\Python313\Lib\site-packages\pymongo\mongo_client.py", line 1811, in __start_session
    self._topology._check_implicit_session_support()
    ~~~~~~~~~~~~~~~~~~~~~~~~~~~~~~~~~~~~~~~~~~~~~~^^
  File "C:\Users\User\AppData\Local\Programs\Python\Python313\Lib\site-packages\pymongo\topology.py", line 583, in _check_implicit_session_support
    self._check_session_support()
    ~~~~~~~~~~~~~~~~~~~~~~~~~~~^^
  File "C:\Users\User\AppData\Local\Programs\Python\Python313\Lib\site-packages\pymongo\topology.py", line 599, in _check_session_support
    self._select_servers_loop(
    ~~~~~~~~~~~~~~~~~~~~~~~~~^
        readable_server_selector, self.get_server_selection_timeout(), None
        ^^^^^^^^^^^^^^^^^^^^^^^^^^^^^^^^^^^^^^^^^^^^^^^^^^^^^^^^^^^^^^^^^^^
    )
    ^
  File "C:\Users\User\AppData\Local\Programs\Python\Python313\Lib\site-packages\pymongo\topology.py", line 269, in _select_servers_loop
    raise ServerSelectionTimeoutError(
        f"{self._error_message(selector)}, Timeout: {timeout}s, Topology Description: {self.description!r}"
    )
pymongo.errors.ServerSelectionTimeoutError: SSL handshake failed: ac-damsear-shard-00-02.qs7mxga.mongodb.net:27017: [('SSL routines', '', 'tlsv1 alert internal error')],SSL handshake failed: ac-damsear-shard-00-01.qs7mxga.mongodb.net:27017: [('SSL routines', '', 'tlsv1 alert internal error')],SSL handshake failed: ac-damsear-shard-00-00.qs7mxga.mongodb.net:27017: [('SSL routines', '', 'tlsv1 alert internal error')], Timeout: 30s, Topology Description: <TopologyDescription id: 698cb5c5cac0fec934cf9eac, topology_type: ReplicaSetNoPrimary, servers: [<ServerDescription ('ac-damsear-shard-00-00.qs7mxga.mongodb.net', 27017) server_type: Unknown, rtt: None, error=AutoReconnect("SSL handshake failed: ac-damsear-shard-00-00.qs7mxga.mongodb.net:27017: [('SSL routines', '', 'tlsv1 alert internal error')]")>, <ServerDescription ('ac-damsear-shard-00-01.qs7mxga.mongodb.net', 27017) server_type: Unknown, rtt: None, error=AutoReconnect("SSL handshake failed: ac-damsear-shard-00-01.qs7mxga.mongodb.net:27017: [('SSL routines', '', 'tlsv1 alert internal error')]")>, <ServerDescription ('ac-damsear-shard-00-02.qs7mxga.mongodb.net', 27017) server_type: Unknown, rtt: None, error=AutoReconnect("SSL handshake failed: ac-damsear-shard-00-02.qs7mxga.mongodb.net:27017: [('SSL routines', '', 'tlsv1 alert internal error')]")>]>


[2026-02-11 22:32:33.445442] Global Exception: SSL handshake failed: ac-damsear-shard-00-02.qs7mxga.mongodb.net:27017: [('SSL routines', '', 'tlsv1 alert internal error')],SSL handshake failed: ac-damsear-shard-00-01.qs7mxga.mongodb.net:27017: [('SSL routines', '', 'tlsv1 alert internal error')],SSL handshake failed: ac-damsear-shard-00-00.qs7mxga.mongodb.net:27017: [('SSL routines', '', 'tlsv1 alert internal error')], Timeout: 30s, Topology Description: <TopologyDescription id: 698cb601cdf8fef1a0b60240, topology_type: ReplicaSetNoPrimary, servers: [<ServerDescription ('ac-damsear-shard-00-00.qs7mxga.mongodb.net', 27017) server_type: Unknown, rtt: None, error=AutoReconnect("SSL handshake failed: ac-damsear-shard-00-00.qs7mxga.mongodb.net:27017: [('SSL routines', '', 'tlsv1 alert internal error')]")>, <ServerDescription ('ac-damsear-shard-00-01.qs7mxga.mongodb.net', 27017) server_type: Unknown, rtt: None, error=AutoReconnect("SSL handshake failed: ac-damsear-shard-00-01.qs7mxga.mongodb.net:27017: [('SSL routines', '', 'tlsv1 alert internal error')]")>, <ServerDescription ('ac-damsear-shard-00-02.qs7mxga.mongodb.net', 27017) server_type: Unknown, rtt: None, error=AutoReconnect("SSL handshake failed: ac-damsear-shard-00-02.qs7mxga.mongodb.net:27017: [('SSL routines', '', 'tlsv1 alert internal error')]")>]>
Traceback (most recent call last):
  File "C:\Users\User\AppData\Local\Programs\Python\Python313\Lib\site-packages\starlette\middleware\errors.py", line 164, in __call__
    await self.app(scope, receive, _send)
  File "C:\Users\User\AppData\Local\Programs\Python\Python313\Lib\site-packages\starlette\middleware\cors.py", line 85, in __call__
    await self.app(scope, receive, send)
  File "C:\Users\User\AppData\Local\Programs\Python\Python313\Lib\site-packages\starlette\middleware\exceptions.py", line 65, in __call__
    await wrap_app_handling_exceptions(self.app, conn)(scope, receive, send)
  File "C:\Users\User\AppData\Local\Programs\Python\Python313\Lib\site-packages\starlette\_exception_handler.py", line 64, in wrapped_app
    raise exc
  File "C:\Users\User\AppData\Local\Programs\Python\Python313\Lib\site-packages\starlette\_exception_handler.py", line 53, in wrapped_app
    await app(scope, receive, sender)
  File "C:\Users\User\AppData\Local\Programs\Python\Python313\Lib\site-packages\starlette\routing.py", line 756, in __call__
    await self.middleware_stack(scope, receive, send)
  File "C:\Users\User\AppData\Local\Programs\Python\Python313\Lib\site-packages\starlette\routing.py", line 776, in app
    await route.handle(scope, receive, send)
  File "C:\Users\User\AppData\Local\Programs\Python\Python313\Lib\site-packages\starlette\routing.py", line 297, in handle
    await self.app(scope, receive, send)
  File "C:\Users\User\AppData\Local\Programs\Python\Python313\Lib\site-packages\starlette\routing.py", line 77, in app
    await wrap_app_handling_exceptions(app, request)(scope, receive, send)
  File "C:\Users\User\AppData\Local\Programs\Python\Python313\Lib\site-packages\starlette\_exception_handler.py", line 64, in wrapped_app
    raise exc
  File "C:\Users\User\AppData\Local\Programs\Python\Python313\Lib\site-packages\starlette\_exception_handler.py", line 53, in wrapped_app
    await app(scope, receive, sender)
  File "C:\Users\User\AppData\Local\Programs\Python\Python313\Lib\site-packages\starlette\routing.py", line 72, in app
    response = await func(request)
               ^^^^^^^^^^^^^^^^^^^
  File "C:\Users\User\AppData\Local\Programs\Python\Python313\Lib\site-packages\fastapi\routing.py", line 278, in app
    raw_response = await run_endpoint_function(
                   ^^^^^^^^^^^^^^^^^^^^^^^^^^^^
        dependant=dependant, values=values, is_coroutine=is_coroutine
        ^^^^^^^^^^^^^^^^^^^^^^^^^^^^^^^^^^^^^^^^^^^^^^^^^^^^^^^^^^^^^
    )
    ^
  File "C:\Users\User\AppData\Local\Programs\Python\Python313\Lib\site-packages\fastapi\routing.py", line 191, in run_endpoint_function
    return await dependant.call(**values)
           ^^^^^^^^^^^^^^^^^^^^^^^^^^^^^^
  File "C:\Users\User\Desktop\naya-job\naya-job\backend\server.py", line 259, in register
    existing_user = await db.users.find_one({"email": user_data.email})
                    ^^^^^^^^^^^^^^^^^^^^^^^^^^^^^^^^^^^^^^^^^^^^^^^^^^^
  File "C:\Users\User\AppData\Local\Programs\Python\Python313\Lib\concurrent\futures\thread.py", line 59, in run
    result = self.fn(*self.args, **self.kwargs)
  File "C:\Users\User\AppData\Local\Programs\Python\Python313\Lib\site-packages\pymongo\collection.py", line 1508, in find_one
    for result in cursor.limit(-1):
                  ~~~~~~~~~~~~^^^^
  File "C:\Users\User\AppData\Local\Programs\Python\Python313\Lib\site-packages\pymongo\cursor.py", line 1262, in next
    if len(self.__data) or self._refresh():
                           ~~~~~~~~~~~~~^^
  File "C:\Users\User\AppData\Local\Programs\Python\Python313\Lib\site-packages\pymongo\cursor.py", line 1153, in _refresh
    self.__session = self.__collection.database.client._ensure_session()
                     ~~~~~~~~~~~~~~~~~~~~~~~~~~~~~~~~~~~~~~~~~~~~~~~~~^^
  File "C:\Users\User\AppData\Local\Programs\Python\Python313\Lib\site-packages\pymongo\mongo_client.py", line 1868, in _ensure_session
    return self.__start_session(True, causal_consistency=False)
           ~~~~~~~~~~~~~~~~~~~~^^^^^^^^^^^^^^^^^^^^^^^^^^^^^^^^
  File "C:\Users\User\AppData\Local\Programs\Python\Python313\Lib\site-packages\pymongo\mongo_client.py", line 1811, in __start_session
    self._topology._check_implicit_session_support()
    ~~~~~~~~~~~~~~~~~~~~~~~~~~~~~~~~~~~~~~~~~~~~~~^^
  File "C:\Users\User\AppData\Local\Programs\Python\Python313\Lib\site-packages\pymongo\topology.py", line 583, in _check_implicit_session_support
    self._check_session_support()
    ~~~~~~~~~~~~~~~~~~~~~~~~~~~^^
  File "C:\Users\User\AppData\Local\Programs\Python\Python313\Lib\site-packages\pymongo\topology.py", line 599, in _check_session_support
    self._select_servers_loop(
    ~~~~~~~~~~~~~~~~~~~~~~~~~^
        readable_server_selector, self.get_server_selection_timeout(), None
        ^^^^^^^^^^^^^^^^^^^^^^^^^^^^^^^^^^^^^^^^^^^^^^^^^^^^^^^^^^^^^^^^^^^
    )
    ^
  File "C:\Users\User\AppData\Local\Programs\Python\Python313\Lib\site-packages\pymongo\topology.py", line 269, in _select_servers_loop
    raise ServerSelectionTimeoutError(
        f"{self._error_message(selector)}, Timeout: {timeout}s, Topology Description: {self.description!r}"
    )
pymongo.errors.ServerSelectionTimeoutError: SSL handshake failed: ac-damsear-shard-00-02.qs7mxga.mongodb.net:27017: [('SSL routines', '', 'tlsv1 alert internal error')],SSL handshake failed: ac-damsear-shard-00-01.qs7mxga.mongodb.net:27017: [('SSL routines', '', 'tlsv1 alert internal error')],SSL handshake failed: ac-damsear-shard-00-00.qs7mxga.mongodb.net:27017: [('SSL routines', '', 'tlsv1 alert internal error')], Timeout: 30s, Topology Description: <TopologyDescription id: 698cb601cdf8fef1a0b60240, topology_type: ReplicaSetNoPrimary, servers: [<ServerDescription ('ac-damsear-shard-00-00.qs7mxga.mongodb.net', 27017) server_type: Unknown, rtt: None, error=AutoReconnect("SSL handshake failed: ac-damsear-shard-00-00.qs7mxga.mongodb.net:27017: [('SSL routines', '', 'tlsv1 alert internal error')]")>, <ServerDescription ('ac-damsear-shard-00-01.qs7mxga.mongodb.net', 27017) server_type: Unknown, rtt: None, error=AutoReconnect("SSL handshake failed: ac-damsear-shard-00-01.qs7mxga.mongodb.net:27017: [('SSL routines', '', 'tlsv1 alert internal error')]")>, <ServerDescription ('ac-damsear-shard-00-02.qs7mxga.mongodb.net', 27017) server_type: Unknown, rtt: None, error=AutoReconnect("SSL handshake failed: ac-damsear-shard-00-02.qs7mxga.mongodb.net:27017: [('SSL routines', '', 'tlsv1 alert internal error')]")>]>


[2026-02-11 22:35:07.840291] Global Exception: SSL handshake failed: ac-damsear-shard-00-02.qs7mxga.mongodb.net:27017: [('SSL routines', '', 'tlsv1 alert internal error')],SSL handshake failed: ac-damsear-shard-00-01.qs7mxga.mongodb.net:27017: [('SSL routines', '', 'tlsv1 alert internal error')],SSL handshake failed: ac-damsear-shard-00-00.qs7mxga.mongodb.net:27017: [('SSL routines', '', 'tlsv1 alert internal error')], Timeout: 30s, Topology Description: <TopologyDescription id: 698cb601cdf8fef1a0b60240, topology_type: ReplicaSetNoPrimary, servers: [<ServerDescription ('ac-damsear-shard-00-00.qs7mxga.mongodb.net', 27017) server_type: Unknown, rtt: None, error=AutoReconnect("SSL handshake failed: ac-damsear-shard-00-00.qs7mxga.mongodb.net:27017: [('SSL routines', '', 'tlsv1 alert internal error')]")>, <ServerDescription ('ac-damsear-shard-00-01.qs7mxga.mongodb.net', 27017) server_type: Unknown, rtt: None, error=AutoReconnect("SSL handshake failed: ac-damsear-shard-00-01.qs7mxga.mongodb.net:27017: [('SSL routines', '', 'tlsv1 alert internal error')]")>, <ServerDescription ('ac-damsear-shard-00-02.qs7mxga.mongodb.net', 27017) server_type: Unknown, rtt: None, error=AutoReconnect("SSL handshake failed: ac-damsear-shard-00-02.qs7mxga.mongodb.net:27017: [('SSL routines', '', 'tlsv1 alert internal error')]")>]>
Traceback (most recent call last):
  File "C:\Users\User\AppData\Local\Programs\Python\Python313\Lib\site-packages\starlette\middleware\errors.py", line 164, in __call__
    await self.app(scope, receive, _send)
  File "C:\Users\User\AppData\Local\Programs\Python\Python313\Lib\site-packages\starlette\middleware\cors.py", line 93, in __call__
    await self.simple_response(scope, receive, send, request_headers=headers)
  File "C:\Users\User\AppData\Local\Programs\Python\Python313\Lib\site-packages\starlette\middleware\cors.py", line 148, in simple_response
    await self.app(scope, receive, send)
  File "C:\Users\User\AppData\Local\Programs\Python\Python313\Lib\site-packages\starlette\middleware\exceptions.py", line 65, in __call__
    await wrap_app_handling_exceptions(self.app, conn)(scope, receive, send)
  File "C:\Users\User\AppData\Local\Programs\Python\Python313\Lib\site-packages\starlette\_exception_handler.py", line 64, in wrapped_app
    raise exc
  File "C:\Users\User\AppData\Local\Programs\Python\Python313\Lib\site-packages\starlette\_exception_handler.py", line 53, in wrapped_app
    await app(scope, receive, sender)
  File "C:\Users\User\AppData\Local\Programs\Python\Python313\Lib\site-packages\starlette\routing.py", line 756, in __call__
    await self.middleware_stack(scope, receive, send)
  File "C:\Users\User\AppData\Local\Programs\Python\Python313\Lib\site-packages\starlette\routing.py", line 776, in app
    await route.handle(scope, receive, send)
  File "C:\Users\User\AppData\Local\Programs\Python\Python313\Lib\site-packages\starlette\routing.py", line 297, in handle
    await self.app(scope, receive, send)
  File "C:\Users\User\AppData\Local\Programs\Python\Python313\Lib\site-packages\starlette\routing.py", line 77, in app
    await wrap_app_handling_exceptions(app, request)(scope, receive, send)
  File "C:\Users\User\AppData\Local\Programs\Python\Python313\Lib\site-packages\starlette\_exception_handler.py", line 64, in wrapped_app
    raise exc
  File "C:\Users\User\AppData\Local\Programs\Python\Python313\Lib\site-packages\starlette\_exception_handler.py", line 53, in wrapped_app
    await app(scope, receive, sender)
  File "C:\Users\User\AppData\Local\Programs\Python\Python313\Lib\site-packages\starlette\routing.py", line 72, in app
    response = await func(request)
               ^^^^^^^^^^^^^^^^^^^
  File "C:\Users\User\AppData\Local\Programs\Python\Python313\Lib\site-packages\fastapi\routing.py", line 278, in app
    raw_response = await run_endpoint_function(
                   ^^^^^^^^^^^^^^^^^^^^^^^^^^^^
        dependant=dependant, values=values, is_coroutine=is_coroutine
        ^^^^^^^^^^^^^^^^^^^^^^^^^^^^^^^^^^^^^^^^^^^^^^^^^^^^^^^^^^^^^
    )
    ^
  File "C:\Users\User\AppData\Local\Programs\Python\Python313\Lib\site-packages\fastapi\routing.py", line 191, in run_endpoint_function
    return await dependant.call(**values)
           ^^^^^^^^^^^^^^^^^^^^^^^^^^^^^^
  File "C:\Users\User\Desktop\naya-job\naya-job\backend\server.py", line 259, in register
    existing_user = await db.users.find_one({"email": user_data.email})
                    ^^^^^^^^^^^^^^^^^^^^^^^^^^^^^^^^^^^^^^^^^^^^^^^^^^^
  File "C:\Users\User\AppData\Local\Programs\Python\Python313\Lib\concurrent\futures\thread.py", line 59, in run
    result = self.fn(*self.args, **self.kwargs)
  File "C:\Users\User\AppData\Local\Programs\Python\Python313\Lib\site-packages\pymongo\collection.py", line 1508, in find_one
    for result in cursor.limit(-1):
                  ~~~~~~~~~~~~^^^^
  File "C:\Users\User\AppData\Local\Programs\Python\Python313\Lib\site-packages\pymongo\cursor.py", line 1262, in next
    if len(self.__data) or self._refresh():
                           ~~~~~~~~~~~~~^^
  File "C:\Users\User\AppData\Local\Programs\Python\Python313\Lib\site-packages\pymongo\cursor.py", line 1153, in _refresh
    self.__session = self.__collection.database.client._ensure_session()
                     ~~~~~~~~~~~~~~~~~~~~~~~~~~~~~~~~~~~~~~~~~~~~~~~~~^^
  File "C:\Users\User\AppData\Local\Programs\Python\Python313\Lib\site-packages\pymongo\mongo_client.py", line 1868, in _ensure_session
    return self.__start_session(True, causal_consistency=False)
           ~~~~~~~~~~~~~~~~~~~~^^^^^^^^^^^^^^^^^^^^^^^^^^^^^^^^
  File "C:\Users\User\AppData\Local\Programs\Python\Python313\Lib\site-packages\pymongo\mongo_client.py", line 1811, in __start_session
    self._topology._check_implicit_session_support()
    ~~~~~~~~~~~~~~~~~~~~~~~~~~~~~~~~~~~~~~~~~~~~~~^^
  File "C:\Users\User\AppData\Local\Programs\Python\Python313\Lib\site-packages\pymongo\topology.py", line 583, in _check_implicit_session_support
    self._check_session_support()
    ~~~~~~~~~~~~~~~~~~~~~~~~~~~^^
  File "C:\Users\User\AppData\Local\Programs\Python\Python313\Lib\site-packages\pymongo\topology.py", line 599, in _check_session_support
    self._select_servers_loop(
    ~~~~~~~~~~~~~~~~~~~~~~~~~^
        readable_server_selector, self.get_server_selection_timeout(), None
        ^^^^^^^^^^^^^^^^^^^^^^^^^^^^^^^^^^^^^^^^^^^^^^^^^^^^^^^^^^^^^^^^^^^
    )
    ^
  File "C:\Users\User\AppData\Local\Programs\Python\Python313\Lib\site-packages\pymongo\topology.py", line 269, in _select_servers_loop
    raise ServerSelectionTimeoutError(
        f"{self._error_message(selector)}, Timeout: {timeout}s, Topology Description: {self.description!r}"
    )
pymongo.errors.ServerSelectionTimeoutError: SSL handshake failed: ac-damsear-shard-00-02.qs7mxga.mongodb.net:27017: [('SSL routines', '', 'tlsv1 alert internal error')],SSL handshake failed: ac-damsear-shard-00-01.qs7mxga.mongodb.net:27017: [('SSL routines', '', 'tlsv1 alert internal error')],SSL handshake failed: ac-damsear-shard-00-00.qs7mxga.mongodb.net:27017: [('SSL routines', '', 'tlsv1 alert internal error')], Timeout: 30s, Topology Description: <TopologyDescription id: 698cb601cdf8fef1a0b60240, topology_type: ReplicaSetNoPrimary, servers: [<ServerDescription ('ac-damsear-shard-00-00.qs7mxga.mongodb.net', 27017) server_type: Unknown, rtt: None, error=AutoReconnect("SSL handshake failed: ac-damsear-shard-00-00.qs7mxga.mongodb.net:27017: [('SSL routines', '', 'tlsv1 alert internal error')]")>, <ServerDescription ('ac-damsear-shard-00-01.qs7mxga.mongodb.net', 27017) server_type: Unknown, rtt: None, error=AutoReconnect("SSL handshake failed: ac-damsear-shard-00-01.qs7mxga.mongodb.net:27017: [('SSL routines', '', 'tlsv1 alert internal error')]")>, <ServerDescription ('ac-damsear-shard-00-02.qs7mxga.mongodb.net', 27017) server_type: Unknown, rtt: None, error=AutoReconnect("SSL handshake failed: ac-damsear-shard-00-02.qs7mxga.mongodb.net:27017: [('SSL routines', '', 'tlsv1 alert internal error')]")>]>


[2026-02-11 22:39:00.555644] Global Exception: SSL handshake failed: ac-damsear-shard-00-02.qs7mxga.mongodb.net:27017: [('SSL routines', '', 'tlsv1 alert internal error')],SSL handshake failed: ac-damsear-shard-00-01.qs7mxga.mongodb.net:27017: [('SSL routines', '', 'tlsv1 alert internal error')],SSL handshake failed: ac-damsear-shard-00-00.qs7mxga.mongodb.net:27017: [('SSL routines', '', 'tlsv1 alert internal error')], Timeout: 30s, Topology Description: <TopologyDescription id: 698cb601cdf8fef1a0b60240, topology_type: ReplicaSetNoPrimary, servers: [<ServerDescription ('ac-damsear-shard-00-00.qs7mxga.mongodb.net', 27017) server_type: Unknown, rtt: None, error=AutoReconnect("SSL handshake failed: ac-damsear-shard-00-00.qs7mxga.mongodb.net:27017: [('SSL routines', '', 'tlsv1 alert internal error')]")>, <ServerDescription ('ac-damsear-shard-00-01.qs7mxga.mongodb.net', 27017) server_type: Unknown, rtt: None, error=AutoReconnect("SSL handshake failed: ac-damsear-shard-00-01.qs7mxga.mongodb.net:27017: [('SSL routines', '', 'tlsv1 alert internal error')]")>, <ServerDescription ('ac-damsear-shard-00-02.qs7mxga.mongodb.net', 27017) server_type: Unknown, rtt: None, error=AutoReconnect("SSL handshake failed: ac-damsear-shard-00-02.qs7mxga.mongodb.net:27017: [('SSL routines', '', 'tlsv1 alert internal error')]")>]>
Traceback (most recent call last):
  File "C:\Users\User\AppData\Local\Programs\Python\Python313\Lib\site-packages\starlette\middleware\errors.py", line 164, in __call__
    await self.app(scope, receive, _send)
  File "C:\Users\User\AppData\Local\Programs\Python\Python313\Lib\site-packages\starlette\middleware\cors.py", line 93, in __call__
    await self.simple_response(scope, receive, send, request_headers=headers)
  File "C:\Users\User\AppData\Local\Programs\Python\Python313\Lib\site-packages\starlette\middleware\cors.py", line 148, in simple_response
    await self.app(scope, receive, send)
  File "C:\Users\User\AppData\Local\Programs\Python\Python313\Lib\site-packages\starlette\middleware\exceptions.py", line 65, in __call__
    await wrap_app_handling_exceptions(self.app, conn)(scope, receive, send)
  File "C:\Users\User\AppData\Local\Programs\Python\Python313\Lib\site-packages\starlette\_exception_handler.py", line 64, in wrapped_app
    raise exc
  File "C:\Users\User\AppData\Local\Programs\Python\Python313\Lib\site-packages\starlette\_exception_handler.py", line 53, in wrapped_app
    await app(scope, receive, sender)
  File "C:\Users\User\AppData\Local\Programs\Python\Python313\Lib\site-packages\starlette\routing.py", line 756, in __call__
    await self.middleware_stack(scope, receive, send)
  File "C:\Users\User\AppData\Local\Programs\Python\Python313\Lib\site-packages\starlette\routing.py", line 776, in app
    await route.handle(scope, receive, send)
  File "C:\Users\User\AppData\Local\Programs\Python\Python313\Lib\site-packages\starlette\routing.py", line 297, in handle
    await self.app(scope, receive, send)
  File "C:\Users\User\AppData\Local\Programs\Python\Python313\Lib\site-packages\starlette\routing.py", line 77, in app
    await wrap_app_handling_exceptions(app, request)(scope, receive, send)
  File "C:\Users\User\AppData\Local\Programs\Python\Python313\Lib\site-packages\starlette\_exception_handler.py", line 64, in wrapped_app
    raise exc
  File "C:\Users\User\AppData\Local\Programs\Python\Python313\Lib\site-packages\starlette\_exception_handler.py", line 53, in wrapped_app
    await app(scope, receive, sender)
  File "C:\Users\User\AppData\Local\Programs\Python\Python313\Lib\site-packages\starlette\routing.py", line 72, in app
    response = await func(request)
               ^^^^^^^^^^^^^^^^^^^
  File "C:\Users\User\AppData\Local\Programs\Python\Python313\Lib\site-packages\fastapi\routing.py", line 278, in app
    raw_response = await run_endpoint_function(
                   ^^^^^^^^^^^^^^^^^^^^^^^^^^^^
        dependant=dependant, values=values, is_coroutine=is_coroutine
        ^^^^^^^^^^^^^^^^^^^^^^^^^^^^^^^^^^^^^^^^^^^^^^^^^^^^^^^^^^^^^
    )
    ^
  File "C:\Users\User\AppData\Local\Programs\Python\Python313\Lib\site-packages\fastapi\routing.py", line 191, in run_endpoint_function
    return await dependant.call(**values)
           ^^^^^^^^^^^^^^^^^^^^^^^^^^^^^^
  File "C:\Users\User\Desktop\naya-job\naya-job\backend\server.py", line 259, in register
    existing_user = await db.users.find_one({"email": user_data.email})
                    ^^^^^^^^^^^^^^^^^^^^^^^^^^^^^^^^^^^^^^^^^^^^^^^^^^^
  File "C:\Users\User\AppData\Local\Programs\Python\Python313\Lib\concurrent\futures\thread.py", line 59, in run
    result = self.fn(*self.args, **self.kwargs)
  File "C:\Users\User\AppData\Local\Programs\Python\Python313\Lib\site-packages\pymongo\collection.py", line 1508, in find_one
    for result in cursor.limit(-1):
                  ~~~~~~~~~~~~^^^^
  File "C:\Users\User\AppData\Local\Programs\Python\Python313\Lib\site-packages\pymongo\cursor.py", line 1262, in next
    if len(self.__data) or self._refresh():
                           ~~~~~~~~~~~~~^^
  File "C:\Users\User\AppData\Local\Programs\Python\Python313\Lib\site-packages\pymongo\cursor.py", line 1153, in _refresh
    self.__session = self.__collection.database.client._ensure_session()
                     ~~~~~~~~~~~~~~~~~~~~~~~~~~~~~~~~~~~~~~~~~~~~~~~~~^^
  File "C:\Users\User\AppData\Local\Programs\Python\Python313\Lib\site-packages\pymongo\mongo_client.py", line 1868, in _ensure_session
    return self.__start_session(True, causal_consistency=False)
           ~~~~~~~~~~~~~~~~~~~~^^^^^^^^^^^^^^^^^^^^^^^^^^^^^^^^
  File "C:\Users\User\AppData\Local\Programs\Python\Python313\Lib\site-packages\pymongo\mongo_client.py", line 1811, in __start_session
    self._topology._check_implicit_session_support()
    ~~~~~~~~~~~~~~~~~~~~~~~~~~~~~~~~~~~~~~~~~~~~~~^^
  File "C:\Users\User\AppData\Local\Programs\Python\Python313\Lib\site-packages\pymongo\topology.py", line 583, in _check_implicit_session_support
    self._check_session_support()
    ~~~~~~~~~~~~~~~~~~~~~~~~~~~^^
  File "C:\Users\User\AppData\Local\Programs\Python\Python313\Lib\site-packages\pymongo\topology.py", line 599, in _check_session_support
    self._select_servers_loop(
    ~~~~~~~~~~~~~~~~~~~~~~~~~^
        readable_server_selector, self.get_server_selection_timeout(), None
        ^^^^^^^^^^^^^^^^^^^^^^^^^^^^^^^^^^^^^^^^^^^^^^^^^^^^^^^^^^^^^^^^^^^
    )
    ^
  File "C:\Users\User\AppData\Local\Programs\Python\Python313\Lib\site-packages\pymongo\topology.py", line 269, in _select_servers_loop
    raise ServerSelectionTimeoutError(
        f"{self._error_message(selector)}, Timeout: {timeout}s, Topology Description: {self.description!r}"
    )
pymongo.errors.ServerSelectionTimeoutError: SSL handshake failed: ac-damsear-shard-00-02.qs7mxga.mongodb.net:27017: [('SSL routines', '', 'tlsv1 alert internal error')],SSL handshake failed: ac-damsear-shard-00-01.qs7mxga.mongodb.net:27017: [('SSL routines', '', 'tlsv1 alert internal error')],SSL handshake failed: ac-damsear-shard-00-00.qs7mxga.mongodb.net:27017: [('SSL routines', '', 'tlsv1 alert internal error')], Timeout: 30s, Topology Description: <TopologyDescription id: 698cb601cdf8fef1a0b60240, topology_type: ReplicaSetNoPrimary, servers: [<ServerDescription ('ac-damsear-shard-00-00.qs7mxga.mongodb.net', 27017) server_type: Unknown, rtt: None, error=AutoReconnect("SSL handshake failed: ac-damsear-shard-00-00.qs7mxga.mongodb.net:27017: [('SSL routines', '', 'tlsv1 alert internal error')]")>, <ServerDescription ('ac-damsear-shard-00-01.qs7mxga.mongodb.net', 27017) server_type: Unknown, rtt: None, error=AutoReconnect("SSL handshake failed: ac-damsear-shard-00-01.qs7mxga.mongodb.net:27017: [('SSL routines', '', 'tlsv1 alert internal error')]")>, <ServerDescription ('ac-damsear-shard-00-02.qs7mxga.mongodb.net', 27017) server_type: Unknown, rtt: None, error=AutoReconnect("SSL handshake failed: ac-damsear-shard-00-02.qs7mxga.mongodb.net:27017: [('SSL routines', '', 'tlsv1 alert internal error')]")>]>


[2026-02-11 22:47:02.410316] Global Exception: SSL handshake failed: ac-damsear-shard-00-00.qs7mxga.mongodb.net:27017: [('SSL routines', '', 'tlsv1 alert internal error')] (configured timeouts: socketTimeoutMS: 20000.0ms, connectTimeoutMS: 20000.0ms),SSL handshake failed: ac-damsear-shard-00-01.qs7mxga.mongodb.net:27017: [('SSL routines', '', 'tlsv1 alert internal error')] (configured timeouts: socketTimeoutMS: 20000.0ms, connectTimeoutMS: 20000.0ms),SSL handshake failed: ac-damsear-shard-00-02.qs7mxga.mongodb.net:27017: [('SSL routines', '', 'tlsv1 alert internal error')] (configured timeouts: socketTimeoutMS: 20000.0ms, connectTimeoutMS: 20000.0ms), Timeout: 30s, Topology Description: <TopologyDescription id: 698cb96aaf56745a0d68a453, topology_type: ReplicaSetNoPrimary, servers: [<ServerDescription ('ac-damsear-shard-00-00.qs7mxga.mongodb.net', 27017) server_type: Unknown, rtt: None, error=AutoReconnect("SSL handshake failed: ac-damsear-shard-00-00.qs7mxga.mongodb.net:27017: [('SSL routines', '', 'tlsv1 alert internal error')] (configured timeouts: socketTimeoutMS: 20000.0ms, connectTimeoutMS: 20000.0ms)")>, <ServerDescription ('ac-damsear-shard-00-01.qs7mxga.mongodb.net', 27017) server_type: Unknown, rtt: None, error=AutoReconnect("SSL handshake failed: ac-damsear-shard-00-01.qs7mxga.mongodb.net:27017: [('SSL routines', '', 'tlsv1 alert internal error')] (configured timeouts: socketTimeoutMS: 20000.0ms, connectTimeoutMS: 20000.0ms)")>, <ServerDescription ('ac-damsear-shard-00-02.qs7mxga.mongodb.net', 27017) server_type: Unknown, rtt: None, error=AutoReconnect("SSL handshake failed: ac-damsear-shard-00-02.qs7mxga.mongodb.net:27017: [('SSL routines', '', 'tlsv1 alert internal error')] (configured timeouts: socketTimeoutMS: 20000.0ms, connectTimeoutMS: 20000.0ms)")>]>
Traceback (most recent call last):
  File "C:\Users\User\AppData\Local\Programs\Python\Python313\Lib\site-packages\starlette\middleware\errors.py", line 164, in __call__
    await self.app(scope, receive, _send)
  File "C:\Users\User\AppData\Local\Programs\Python\Python313\Lib\site-packages\starlette\middleware\cors.py", line 93, in __call__
    await self.simple_response(scope, receive, send, request_headers=headers)
  File "C:\Users\User\AppData\Local\Programs\Python\Python313\Lib\site-packages\starlette\middleware\cors.py", line 148, in simple_response
    await self.app(scope, receive, send)
  File "C:\Users\User\AppData\Local\Programs\Python\Python313\Lib\site-packages\starlette\middleware\exceptions.py", line 65, in __call__
    await wrap_app_handling_exceptions(self.app, conn)(scope, receive, send)
  File "C:\Users\User\AppData\Local\Programs\Python\Python313\Lib\site-packages\starlette\_exception_handler.py", line 64, in wrapped_app
    raise exc
  File "C:\Users\User\AppData\Local\Programs\Python\Python313\Lib\site-packages\starlette\_exception_handler.py", line 53, in wrapped_app
    await app(scope, receive, sender)
  File "C:\Users\User\AppData\Local\Programs\Python\Python313\Lib\site-packages\starlette\routing.py", line 756, in __call__
    await self.middleware_stack(scope, receive, send)
  File "C:\Users\User\AppData\Local\Programs\Python\Python313\Lib\site-packages\starlette\routing.py", line 776, in app
    await route.handle(scope, receive, send)
  File "C:\Users\User\AppData\Local\Programs\Python\Python313\Lib\site-packages\starlette\routing.py", line 297, in handle
    await self.app(scope, receive, send)
  File "C:\Users\User\AppData\Local\Programs\Python\Python313\Lib\site-packages\starlette\routing.py", line 77, in app
    await wrap_app_handling_exceptions(app, request)(scope, receive, send)
  File "C:\Users\User\AppData\Local\Programs\Python\Python313\Lib\site-packages\starlette\_exception_handler.py", line 64, in wrapped_app
    raise exc
  File "C:\Users\User\AppData\Local\Programs\Python\Python313\Lib\site-packages\starlette\_exception_handler.py", line 53, in wrapped_app
    await app(scope, receive, sender)
  File "C:\Users\User\AppData\Local\Programs\Python\Python313\Lib\site-packages\starlette\routing.py", line 72, in app
    response = await func(request)
               ^^^^^^^^^^^^^^^^^^^
  File "C:\Users\User\AppData\Local\Programs\Python\Python313\Lib\site-packages\fastapi\routing.py", line 278, in app
    raw_response = await run_endpoint_function(
                   ^^^^^^^^^^^^^^^^^^^^^^^^^^^^
        dependant=dependant, values=values, is_coroutine=is_coroutine
        ^^^^^^^^^^^^^^^^^^^^^^^^^^^^^^^^^^^^^^^^^^^^^^^^^^^^^^^^^^^^^
    )
    ^
  File "C:\Users\User\AppData\Local\Programs\Python\Python313\Lib\site-packages\fastapi\routing.py", line 191, in run_endpoint_function
    return await dependant.call(**values)
           ^^^^^^^^^^^^^^^^^^^^^^^^^^^^^^
  File "C:\Users\User\Desktop\naya-job\naya-job\backend\server.py", line 259, in register
    existing_user = await db.users.find_one({"email": user_data.email})
                    ^^^^^^^^^^^^^^^^^^^^^^^^^^^^^^^^^^^^^^^^^^^^^^^^^^^
  File "C:\Users\User\AppData\Local\Programs\Python\Python313\Lib\concurrent\futures\thread.py", line 59, in run
    result = self.fn(*self.args, **self.kwargs)
  File "C:\Users\User\AppData\Local\Programs\Python\Python313\Lib\site-packages\pymongo\synchronous\collection.py", line 1755, in find_one
    for result in cursor.limit(-1):
                  ~~~~~~~~~~~~^^^^
  File "C:\Users\User\AppData\Local\Programs\Python\Python313\Lib\site-packages\pymongo\synchronous\cursor.py", line 1289, in __next__
    return self.next()
           ~~~~~~~~~^^
  File "C:\Users\User\AppData\Local\Programs\Python\Python313\Lib\site-packages\pymongo\synchronous\cursor.py", line 1265, in next
    if len(self._data) or self._refresh():
                          ~~~~~~~~~~~~~^^
  File "C:\Users\User\AppData\Local\Programs\Python\Python313\Lib\site-packages\pymongo\synchronous\cursor.py", line 1213, in _refresh
    self._send_message(q)
    ~~~~~~~~~~~~~~~~~~^^^
  File "C:\Users\User\AppData\Local\Programs\Python\Python313\Lib\site-packages\pymongo\synchronous\cursor.py", line 1108, in _send_message
    response = client._run_operation(
        operation, self._unpack_response, address=self._address
    )
  File "C:\Users\User\AppData\Local\Programs\Python\Python313\Lib\site-packages\pymongo\_csot.py", line 125, in csot_wrapper
    return func(self, *args, **kwargs)
  File "C:\Users\User\AppData\Local\Programs\Python\Python313\Lib\site-packages\pymongo\synchronous\mongo_client.py", line 1938, in _run_operation
    return self._retryable_read(
           ~~~~~~~~~~~~~~~~~~~~^
        _cmd,
        ^^^^^
    ...<4 lines>...
        operation=operation.name,
        ^^^^^^^^^^^^^^^^^^^^^^^^^
    )
    ^
  File "C:\Users\User\AppData\Local\Programs\Python\Python313\Lib\site-packages\pymongo\synchronous\mongo_client.py", line 2048, in _retryable_read
    return self._retry_internal(
           ~~~~~~~~~~~~~~~~~~~~^
        func,
        ^^^^^
    ...<7 lines>...
        operation_id=operation_id,
        ^^^^^^^^^^^^^^^^^^^^^^^^^^
    )
    ^
  File "C:\Users\User\AppData\Local\Programs\Python\Python313\Lib\site-packages\pymongo\_csot.py", line 125, in csot_wrapper
    return func(self, *args, **kwargs)
  File "C:\Users\User\AppData\Local\Programs\Python\Python313\Lib\site-packages\pymongo\synchronous\mongo_client.py", line 2014, in _retry_internal
    ).run()
      ~~~^^
  File "C:\Users\User\AppData\Local\Programs\Python\Python313\Lib\site-packages\pymongo\synchronous\mongo_client.py", line 2763, in run
    return self._read() if self._is_read else self._write()
           ~~~~~~~~~~^^
  File "C:\Users\User\AppData\Local\Programs\Python\Python313\Lib\site-packages\pymongo\synchronous\mongo_client.py", line 2908, in _read
    self._server = self._get_server()
                   ~~~~~~~~~~~~~~~~^^
  File "C:\Users\User\AppData\Local\Programs\Python\Python313\Lib\site-packages\pymongo\synchronous\mongo_client.py", line 2856, in _get_server
    return self._client._select_server(
           ~~~~~~~~~~~~~~~~~~~~~~~~~~~^
        self._server_selector,
        ^^^^^^^^^^^^^^^^^^^^^^
    ...<4 lines>...
        operation_id=self._operation_id,
        ^^^^^^^^^^^^^^^^^^^^^^^^^^^^^^^^
    )
    ^
  File "C:\Users\User\AppData\Local\Programs\Python\Python313\Lib\site-packages\pymongo\synchronous\mongo_client.py", line 1833, in _select_server
    server = topology.select_server(
        server_selector,
    ...<2 lines>...
        operation_id=operation_id,
    )
  File "C:\Users\User\AppData\Local\Programs\Python\Python313\Lib\site-packages\pymongo\synchronous\topology.py", line 428, in select_server
    server = self._select_server(
        selector,
    ...<4 lines>...
        operation_id=operation_id,
    )
  File "C:\Users\User\AppData\Local\Programs\Python\Python313\Lib\site-packages\pymongo\synchronous\topology.py", line 402, in _select_server
    servers = self.select_servers(
        selector,
    ...<4 lines>...
        deprioritized_servers,
    )
  File "C:\Users\User\AppData\Local\Programs\Python\Python313\Lib\site-packages\pymongo\synchronous\topology.py", line 298, in select_servers
    server_descriptions = self._select_servers_loop(
        selector,
    ...<4 lines>...
        deprioritized_servers=deprioritized_servers,
    )
  File "C:\Users\User\AppData\Local\Programs\Python\Python313\Lib\site-packages\pymongo\synchronous\topology.py", line 359, in _select_servers_loop
    raise ServerSelectionTimeoutError(
        f"{self._error_message(selector)}, Timeout: {timeout}s, Topology Description: {self.description!r}"
    )
pymongo.errors.ServerSelectionTimeoutError: SSL handshake failed: ac-damsear-shard-00-00.qs7mxga.mongodb.net:27017: [('SSL routines', '', 'tlsv1 alert internal error')] (configured timeouts: socketTimeoutMS: 20000.0ms, connectTimeoutMS: 20000.0ms),SSL handshake failed: ac-damsear-shard-00-01.qs7mxga.mongodb.net:27017: [('SSL routines', '', 'tlsv1 alert internal error')] (configured timeouts: socketTimeoutMS: 20000.0ms, connectTimeoutMS: 20000.0ms),SSL handshake failed: ac-damsear-shard-00-02.qs7mxga.mongodb.net:27017: [('SSL routines', '', 'tlsv1 alert internal error')] (configured timeouts: socketTimeoutMS: 20000.0ms, connectTimeoutMS: 20000.0ms), Timeout: 30s, Topology Description: <TopologyDescription id: 698cb96aaf56745a0d68a453, topology_type: ReplicaSetNoPrimary, servers: [<ServerDescription ('ac-damsear-shard-00-00.qs7mxga.mongodb.net', 27017) server_type: Unknown, rtt: None, error=AutoReconnect("SSL handshake failed: ac-damsear-shard-00-00.qs7mxga.mongodb.net:27017: [('SSL routines', '', 'tlsv1 alert internal error')] (configured timeouts: socketTimeoutMS: 20000.0ms, connectTimeoutMS: 20000.0ms)")>, <ServerDescription ('ac-damsear-shard-00-01.qs7mxga.mongodb.net', 27017) server_type: Unknown, rtt: None, error=AutoReconnect("SSL handshake failed: ac-damsear-shard-00-01.qs7mxga.mongodb.net:27017: [('SSL routines', '', 'tlsv1 alert internal error')] (configured timeouts: socketTimeoutMS: 20000.0ms, connectTimeoutMS: 20000.0ms)")>, <ServerDescription ('ac-damsear-shard-00-02.qs7mxga.mongodb.net', 27017) server_type: Unknown, rtt: None, error=AutoReconnect("SSL handshake failed: ac-damsear-shard-00-02.qs7mxga.mongodb.net:27017: [('SSL routines', '', 'tlsv1 alert internal error')] (configured timeouts: socketTimeoutMS: 20000.0ms, connectTimeoutMS: 20000.0ms)")>]>


[2026-02-11 22:50:38.875928] Global Exception: SSL handshake failed: ac-damsear-shard-00-00.qs7mxga.mongodb.net:27017: [('SSL routines', '', 'tlsv1 alert internal error')] (configured timeouts: socketTimeoutMS: 20000.0ms, connectTimeoutMS: 20000.0ms),SSL handshake failed: ac-damsear-shard-00-01.qs7mxga.mongodb.net:27017: [('SSL routines', '', 'tlsv1 alert internal error')] (configured timeouts: socketTimeoutMS: 20000.0ms, connectTimeoutMS: 20000.0ms),SSL handshake failed: ac-damsear-shard-00-02.qs7mxga.mongodb.net:27017: [('SSL routines', '', 'tlsv1 alert internal error')] (configured timeouts: socketTimeoutMS: 20000.0ms, connectTimeoutMS: 20000.0ms), Timeout: 30s, Topology Description: <TopologyDescription id: 698cb96aaf56745a0d68a453, topology_type: ReplicaSetNoPrimary, servers: [<ServerDescription ('ac-damsear-shard-00-00.qs7mxga.mongodb.net', 27017) server_type: Unknown, rtt: None, error=AutoReconnect("SSL handshake failed: ac-damsear-shard-00-00.qs7mxga.mongodb.net:27017: [('SSL routines', '', 'tlsv1 alert internal error')] (configured timeouts: socketTimeoutMS: 20000.0ms, connectTimeoutMS: 20000.0ms)")>, <ServerDescription ('ac-damsear-shard-00-01.qs7mxga.mongodb.net', 27017) server_type: Unknown, rtt: None, error=AutoReconnect("SSL handshake failed: ac-damsear-shard-00-01.qs7mxga.mongodb.net:27017: [('SSL routines', '', 'tlsv1 alert internal error')] (configured timeouts: socketTimeoutMS: 20000.0ms, connectTimeoutMS: 20000.0ms)")>, <ServerDescription ('ac-damsear-shard-00-02.qs7mxga.mongodb.net', 27017) server_type: Unknown, rtt: None, error=AutoReconnect("SSL handshake failed: ac-damsear-shard-00-02.qs7mxga.mongodb.net:27017: [('SSL routines', '', 'tlsv1 alert internal error')] (configured timeouts: socketTimeoutMS: 20000.0ms, connectTimeoutMS: 20000.0ms)")>]>
Traceback (most recent call last):
  File "C:\Users\User\AppData\Local\Programs\Python\Python313\Lib\site-packages\starlette\middleware\errors.py", line 164, in __call__
    await self.app(scope, receive, _send)
  File "C:\Users\User\AppData\Local\Programs\Python\Python313\Lib\site-packages\starlette\middleware\cors.py", line 93, in __call__
    await self.simple_response(scope, receive, send, request_headers=headers)
  File "C:\Users\User\AppData\Local\Programs\Python\Python313\Lib\site-packages\starlette\middleware\cors.py", line 148, in simple_response
    await self.app(scope, receive, send)
  File "C:\Users\User\AppData\Local\Programs\Python\Python313\Lib\site-packages\starlette\middleware\exceptions.py", line 65, in __call__
    await wrap_app_handling_exceptions(self.app, conn)(scope, receive, send)
  File "C:\Users\User\AppData\Local\Programs\Python\Python313\Lib\site-packages\starlette\_exception_handler.py", line 64, in wrapped_app
    raise exc
  File "C:\Users\User\AppData\Local\Programs\Python\Python313\Lib\site-packages\starlette\_exception_handler.py", line 53, in wrapped_app
    await app(scope, receive, sender)
  File "C:\Users\User\AppData\Local\Programs\Python\Python313\Lib\site-packages\starlette\routing.py", line 756, in __call__
    await self.middleware_stack(scope, receive, send)
  File "C:\Users\User\AppData\Local\Programs\Python\Python313\Lib\site-packages\starlette\routing.py", line 776, in app
    await route.handle(scope, receive, send)
  File "C:\Users\User\AppData\Local\Programs\Python\Python313\Lib\site-packages\starlette\routing.py", line 297, in handle
    await self.app(scope, receive, send)
  File "C:\Users\User\AppData\Local\Programs\Python\Python313\Lib\site-packages\starlette\routing.py", line 77, in app
    await wrap_app_handling_exceptions(app, request)(scope, receive, send)
  File "C:\Users\User\AppData\Local\Programs\Python\Python313\Lib\site-packages\starlette\_exception_handler.py", line 64, in wrapped_app
    raise exc
  File "C:\Users\User\AppData\Local\Programs\Python\Python313\Lib\site-packages\starlette\_exception_handler.py", line 53, in wrapped_app
    await app(scope, receive, sender)
  File "C:\Users\User\AppData\Local\Programs\Python\Python313\Lib\site-packages\starlette\routing.py", line 72, in app
    response = await func(request)
               ^^^^^^^^^^^^^^^^^^^
  File "C:\Users\User\AppData\Local\Programs\Python\Python313\Lib\site-packages\fastapi\routing.py", line 278, in app
    raw_response = await run_endpoint_function(
                   ^^^^^^^^^^^^^^^^^^^^^^^^^^^^
        dependant=dependant, values=values, is_coroutine=is_coroutine
        ^^^^^^^^^^^^^^^^^^^^^^^^^^^^^^^^^^^^^^^^^^^^^^^^^^^^^^^^^^^^^
    )
    ^
  File "C:\Users\User\AppData\Local\Programs\Python\Python313\Lib\site-packages\fastapi\routing.py", line 191, in run_endpoint_function
    return await dependant.call(**values)
           ^^^^^^^^^^^^^^^^^^^^^^^^^^^^^^
  File "C:\Users\User\Desktop\naya-job\naya-job\backend\server.py", line 259, in register
    existing_user = await db.users.find_one({"email": user_data.email})
                    ^^^^^^^^^^^^^^^^^^^^^^^^^^^^^^^^^^^^^^^^^^^^^^^^^^^
  File "C:\Users\User\AppData\Local\Programs\Python\Python313\Lib\concurrent\futures\thread.py", line 59, in run
    result = self.fn(*self.args, **self.kwargs)
  File "C:\Users\User\AppData\Local\Programs\Python\Python313\Lib\site-packages\pymongo\synchronous\collection.py", line 1755, in find_one
    for result in cursor.limit(-1):
                  ~~~~~~~~~~~~^^^^
  File "C:\Users\User\AppData\Local\Programs\Python\Python313\Lib\site-packages\pymongo\synchronous\cursor.py", line 1289, in __next__
    return self.next()
           ~~~~~~~~~^^
  File "C:\Users\User\AppData\Local\Programs\Python\Python313\Lib\site-packages\pymongo\synchronous\cursor.py", line 1265, in next
    if len(self._data) or self._refresh():
                          ~~~~~~~~~~~~~^^
  File "C:\Users\User\AppData\Local\Programs\Python\Python313\Lib\site-packages\pymongo\synchronous\cursor.py", line 1213, in _refresh
    self._send_message(q)
    ~~~~~~~~~~~~~~~~~~^^^
  File "C:\Users\User\AppData\Local\Programs\Python\Python313\Lib\site-packages\pymongo\synchronous\cursor.py", line 1108, in _send_message
    response = client._run_operation(
        operation, self._unpack_response, address=self._address
    )
  File "C:\Users\User\AppData\Local\Programs\Python\Python313\Lib\site-packages\pymongo\_csot.py", line 125, in csot_wrapper
    return func(self, *args, **kwargs)
  File "C:\Users\User\AppData\Local\Programs\Python\Python313\Lib\site-packages\pymongo\synchronous\mongo_client.py", line 1938, in _run_operation
    return self._retryable_read(
           ~~~~~~~~~~~~~~~~~~~~^
        _cmd,
        ^^^^^
    ...<4 lines>...
        operation=operation.name,
        ^^^^^^^^^^^^^^^^^^^^^^^^^
    )
    ^
  File "C:\Users\User\AppData\Local\Programs\Python\Python313\Lib\site-packages\pymongo\synchronous\mongo_client.py", line 2048, in _retryable_read
    return self._retry_internal(
           ~~~~~~~~~~~~~~~~~~~~^
        func,
        ^^^^^
    ...<7 lines>...
        operation_id=operation_id,
        ^^^^^^^^^^^^^^^^^^^^^^^^^^
    )
    ^
  File "C:\Users\User\AppData\Local\Programs\Python\Python313\Lib\site-packages\pymongo\_csot.py", line 125, in csot_wrapper
    return func(self, *args, **kwargs)
  File "C:\Users\User\AppData\Local\Programs\Python\Python313\Lib\site-packages\pymongo\synchronous\mongo_client.py", line 2014, in _retry_internal
    ).run()
      ~~~^^
  File "C:\Users\User\AppData\Local\Programs\Python\Python313\Lib\site-packages\pymongo\synchronous\mongo_client.py", line 2763, in run
    return self._read() if self._is_read else self._write()
           ~~~~~~~~~~^^
  File "C:\Users\User\AppData\Local\Programs\Python\Python313\Lib\site-packages\pymongo\synchronous\mongo_client.py", line 2908, in _read
    self._server = self._get_server()
                   ~~~~~~~~~~~~~~~~^^
  File "C:\Users\User\AppData\Local\Programs\Python\Python313\Lib\site-packages\pymongo\synchronous\mongo_client.py", line 2856, in _get_server
    return self._client._select_server(
           ~~~~~~~~~~~~~~~~~~~~~~~~~~~^
        self._server_selector,
        ^^^^^^^^^^^^^^^^^^^^^^
    ...<4 lines>...
        operation_id=self._operation_id,
        ^^^^^^^^^^^^^^^^^^^^^^^^^^^^^^^^
    )
    ^
  File "C:\Users\User\AppData\Local\Programs\Python\Python313\Lib\site-packages\pymongo\synchronous\mongo_client.py", line 1833, in _select_server
    server = topology.select_server(
        server_selector,
    ...<2 lines>...
        operation_id=operation_id,
    )
  File "C:\Users\User\AppData\Local\Programs\Python\Python313\Lib\site-packages\pymongo\synchronous\topology.py", line 428, in select_server
    server = self._select_server(
        selector,
    ...<4 lines>...
        operation_id=operation_id,
    )
  File "C:\Users\User\AppData\Local\Programs\Python\Python313\Lib\site-packages\pymongo\synchronous\topology.py", line 402, in _select_server
    servers = self.select_servers(
        selector,
    ...<4 lines>...
        deprioritized_servers,
    )
  File "C:\Users\User\AppData\Local\Programs\Python\Python313\Lib\site-packages\pymongo\synchronous\topology.py", line 298, in select_servers
    server_descriptions = self._select_servers_loop(
        selector,
    ...<4 lines>...
        deprioritized_servers=deprioritized_servers,
    )
  File "C:\Users\User\AppData\Local\Programs\Python\Python313\Lib\site-packages\pymongo\synchronous\topology.py", line 359, in _select_servers_loop
    raise ServerSelectionTimeoutError(
        f"{self._error_message(selector)}, Timeout: {timeout}s, Topology Description: {self.description!r}"
    )
pymongo.errors.ServerSelectionTimeoutError: SSL handshake failed: ac-damsear-shard-00-00.qs7mxga.mongodb.net:27017: [('SSL routines', '', 'tlsv1 alert internal error')] (configured timeouts: socketTimeoutMS: 20000.0ms, connectTimeoutMS: 20000.0ms),SSL handshake failed: ac-damsear-shard-00-01.qs7mxga.mongodb.net:27017: [('SSL routines', '', 'tlsv1 alert internal error')] (configured timeouts: socketTimeoutMS: 20000.0ms, connectTimeoutMS: 20000.0ms),SSL handshake failed: ac-damsear-shard-00-02.qs7mxga.mongodb.net:27017: [('SSL routines', '', 'tlsv1 alert internal error')] (configured timeouts: socketTimeoutMS: 20000.0ms, connectTimeoutMS: 20000.0ms), Timeout: 30s, Topology Description: <TopologyDescription id: 698cb96aaf56745a0d68a453, topology_type: ReplicaSetNoPrimary, servers: [<ServerDescription ('ac-damsear-shard-00-00.qs7mxga.mongodb.net', 27017) server_type: Unknown, rtt: None, error=AutoReconnect("SSL handshake failed: ac-damsear-shard-00-00.qs7mxga.mongodb.net:27017: [('SSL routines', '', 'tlsv1 alert internal error')] (configured timeouts: socketTimeoutMS: 20000.0ms, connectTimeoutMS: 20000.0ms)")>, <ServerDescription ('ac-damsear-shard-00-01.qs7mxga.mongodb.net', 27017) server_type: Unknown, rtt: None, error=AutoReconnect("SSL handshake failed: ac-damsear-shard-00-01.qs7mxga.mongodb.net:27017: [('SSL routines', '', 'tlsv1 alert internal error')] (configured timeouts: socketTimeoutMS: 20000.0ms, connectTimeoutMS: 20000.0ms)")>, <ServerDescription ('ac-damsear-shard-00-02.qs7mxga.mongodb.net', 27017) server_type: Unknown, rtt: None, error=AutoReconnect("SSL handshake failed: ac-damsear-shard-00-02.qs7mxga.mongodb.net:27017: [('SSL routines', '', 'tlsv1 alert internal error')] (configured timeouts: socketTimeoutMS: 20000.0ms, connectTimeoutMS: 20000.0ms)")>]>

